[Sat, 17 Mar 2018 13:11:36 +0700] [::1] [Run-time notices(8192): preg_replace(): The /e modifier is deprecated, use preg_replace_callback instead] [FILE: /includes/class/request.class.php] [LINE: 372]
[Sat, 17 Mar 2018 13:11:36 +0700] [::1] [Run-time notices(8192): preg_replace(): The /e modifier is deprecated, use preg_replace_callback instead] [FILE: /includes/class/request.class.php] [LINE: 393]
[Sat, 17 Mar 2018 13:11:36 +0700] [::1] [Run-time notices(8192): mysql_connect(): The mysql extension is deprecated and will be removed in the future: use mysqli or PDO instead] [FILE: /includes/class/mysql.class.php] [LINE: 101]
[Sat, 17 Mar 2018 13:11:36 +0700] [::1] [Notice(8): Undefined index: site_logo] [FILE: /includes/core/theme_functions.php] [LINE: 113]
[Sat, 17 Mar 2018 13:11:36 +0700] [::1] [Warning(2): getimagesize(C:/xampp/htdocs/sieuthi/): failed to open stream: No such file or directory] [FILE: /includes/core/theme_functions.php] [LINE: 113]
[Sat, 17 Mar 2018 13:11:36 +0700] [::1] [Notice(8): Undefined index: site_logo] [FILE: /includes/core/theme_functions.php] [LINE: 120]
[Sat, 17 Mar 2018 13:19:16 +0700] [::1] [Notice(8): Undefined variable: html] [FILE: /modules/shops/blocks/global.block_catalogs.php] [LINE: 123]
[Sat, 17 Mar 2018 13:19:17 +0700] [::1] [Run-time notices(8192): preg_replace(): The /e modifier is deprecated, use preg_replace_callback instead] [FILE: /includes/class/request.class.php] [LINE: 619]
[Sat, 17 Mar 2018 13:19:17 +0700] [::1] [Run-time notices(8192): preg_replace(): The /e modifier is deprecated, use preg_replace_callback instead] [FILE: /includes/class/request.class.php] [LINE: 621]
[Sat, 17 Mar 2018 13:29:45 +0700] [::1] [Run-time notices(8192): preg_replace(): The /e modifier is deprecated, use preg_replace_callback instead] [FILE: /includes/class/Diagnostic.class.php] [LINE: 442]
[Sat, 17 Mar 2018 13:29:45 +0700] [::1] [Warning(2): imagejpeg(): Filename cannot be empty] [FILE: /includes/core/cronjobs.php] [LINE: 83]
[Sat, 17 Mar 2018 13:31:00 +0700] [::1] [Notice(8): Undefined index: funcs] [FILE: /includes/core/user_functions.php] [LINE: 128]
[Sat, 17 Mar 2018 13:31:00 +0700] [::1] [Warning(2): Invalid argument supplied for foreach()] [FILE: /includes/core/user_functions.php] [LINE: 128]
[Sat, 17 Mar 2018 13:31:00 +0700] [::1] [Notice(8): Undefined index: funcs] [FILE: /includes/core/user_functions.php] [LINE: 169]
[Sat, 17 Mar 2018 13:35:12 +0700] [::1] [Notice(8): Array to string conversion] [FILE: /includes/core/cache_functions.php] [LINE: 99]
[Sat, 17 Mar 2018 13:38:41 +0700] [::1] [Warning(2): Missing argument 1 for nv_fix_cat_order(), called in C:\xampp\htdocs\sieuthi\modules\menu\admin\del_row.php on line 31 and defined] [FILE: /modules/menu/admin.functions.php] [LINE: 86]
[Sat, 17 Mar 2018 13:38:41 +0700] [::1] [Notice(8): Undefined variable: mid] [FILE: /modules/menu/admin.functions.php] [LINE: 91]
[Sat, 17 Mar 2018 14:04:45 +0700] [::1] [Notice(8): Undefined offset: 0] [FILE: /admin/modules/themes/block_content.php] [LINE: 127]
[Sat, 17 Mar 2018 14:04:45 +0700] [::1] [Notice(8): Undefined variable: array_config] [FILE: /admin/modules/themes/block_content.php] [LINE: 138]
[Sat, 17 Mar 2018 14:04:45 +0700] [::1] [Warning(2): array_keys() expects parameter 1 to be array, null given] [FILE: /admin/modules/themes/block_content.php] [LINE: 138]
[Sat, 17 Mar 2018 14:04:45 +0700] [::1] [Warning(2): array_combine() expects parameter 1 to be array, null given] [FILE: /admin/modules/themes/block_content.php] [LINE: 139]
[Sat, 17 Mar 2018 14:12:48 +0700] [::1] [Notice(8): Undefined index: id] [FILE: /modules/shops/funcs/loadcart.php] [LINE: 47]
[Sat, 17 Mar 2018 14:12:56 +0700] [::1] [Notice(8): Undefined offset: 1260] [FILE: /modules/shops/funcs/cart.php] [LINE: 25]
[Sat, 17 Mar 2018 14:18:16 +0700] [::1] [Notice(8): Undefined offset: 1] [FILE: /admin/modules/themes/block_content.php] [LINE: 55]
[Sat, 17 Mar 2018 14:19:41 +0700] [::1] [Notice(8): Undefined offset: 0] [FILE: /admin/modules/themes/block_config.php] [LINE: 103]
